Using pre-set license
Built from '2020.3/staging' branch; Version is '2020.3.6f1 (338bb68529b2) revision 3378102'; Using compiler version '192528614'; Build Type 'Release'
OS: 'Windows 10 Home; OS build 22000.1219; Version 2009; 64bit' Language: 'ko' Physical Memory: 7986 MB
BatchMode: 1, IsHumanControllingUs: 0, StartBugReporterOnCrash: 0, Is64bit: 1, IsPro: 0

 COMMAND LINE ARGUMENTS:
C:\Program Files\Unity\Hub\Editor\2020.3.6f1\Editor\Unity.exe
-adb2
-batchMode
-noUpm
-name
AssetImportWorker1
-projectPath
E:/GitHubLocal/TransformScripting_Anatomy
-logFile
Logs/AssetImportWorker1.log
-srvPort
50978
Successfully changed project path to: E:/GitHubLocal/TransformScripting_Anatomy
E:/GitHubLocal/TransformScripting_Anatomy
Using Asset Import Pipeline V2.
Refreshing native plugins compatible for Editor in 40.34 ms, found 0 plugins.
Preloading 0 native plugins for Editor in 0.00 ms.
Initialize engine version: 2020.3.6f1 (338bb68529b2)
[Subsystems] Discovering subsystems at path C:/Program Files/Unity/Hub/Editor/2020.3.6f1/Editor/Data/Resources/UnitySubsystems
[Subsystems] Discovering subsystems at path E:/GitHubLocal/TransformScripting_Anatomy/Assets
GfxDevice: creating device client; threaded=0
Direct3D:
    Version:  Direct3D 11.0 [level 11.1]
    Renderer: Intel(R) UHD Graphics 620 (ID=0x3ea0)
    Vendor:   
    VRAM:     3993 MB
    Driver:   25.20.100.6471
Initialize mono
Mono path[0] = 'C:/Program Files/Unity/Hub/Editor/2020.3.6f1/Editor/Data/Managed'
Mono path[1] = 'C:/Program Files/Unity/Hub/Editor/2020.3.6f1/Editor/Data/MonoBleedingEdge/lib/mono/unityjit'
Mono config path = 'C:/Program Files/Unity/Hub/Editor/2020.3.6f1/Editor/Data/MonoBleedingEdge/etc'
Using monoOptions --debugger-agent=transport=dt_socket,embedding=1,server=y,suspend=n,address=127.0.0.1:56304
Begin MonoManager ReloadAssembly
Registering precompiled unity dll's ...
Register platform support module: C:/Program Files/Unity/Hub/Editor/2020.3.6f1/Editor/Data/PlaybackEngines/WebGLSupport/UnityEditor.WebGL.Extensions.dll
Register platform support module: C:/Program Files/Unity/Hub/Editor/2020.3.6f1/Editor/Data/PlaybackEngines/WindowsStandaloneSupport/UnityEditor.WindowsStandalone.Extensions.dll
Registered in 0.011657 seconds.
Native extension for WindowsStandalone target not found
Native extension for WebGL target not found
Refreshing native plugins compatible for Editor in 80.02 ms, found 0 plugins.
Preloading 0 native plugins for Editor in 0.00 ms.
Unable to find bridge dll in registry for Microsoft Visual Studio Tools for Unity for C:\Program Files (x86)\Microsoft Visual Studio\2017\Community\Common7\IDE\devenv.exe
Mono: successfully reloaded assembly
- Completed reload, in  7.214 seconds
Platform modules already initialized, skipping
Registering precompiled user dll's ...
Registered in 0.001973 seconds.
Begin MonoManager ReloadAssembly
Native extension for WindowsStandalone target not found
Native extension for WebGL target not found
Refreshing native plugins compatible for Editor in 0.34 ms, found 0 plugins.
Preloading 0 native plugins for Editor in 0.00 ms.
Mono: successfully reloaded assembly
- Completed reload, in  7.119 seconds
Platform modules already initialized, skipping
========================================================================
Worker process is ready to serve import requests
Launched and connected shader compiler UnityShaderCompiler.exe after 0.30 seconds
Refreshing native plugins compatible for Editor in 0.41 ms, found 0 plugins.
Preloading 0 native plugins for Editor in 0.00 ms.
Unloading 1116 Unused Serialized files (Serialized files now loaded: 0)
System memory in use before: 59.9 MB.
System memory in use after: 60.0 MB.

Unloading 10 unused Assets to reduce memory usage. Loaded Objects now: 1560.
Total: 5.808600 ms (FindLiveObjects: 0.465100 ms CreateObjectMapping: 0.160800 ms MarkObjects: 5.025000 ms  DeleteObjects: 0.153700 ms)

========================================================================
Received Import Request.
  path: Assets/TransformScript.cs
  artifactKey: Guid(ead2dcaaa19f52546ab67d1833e3372d) Importer(815301076,1909f56bfc062723c751e8b465ee728b)
Start importing Assets/TransformScript.cs using Guid(ead2dcaaa19f52546ab67d1833e3372d) Importer(815301076,1909f56bfc062723c751e8b465ee728b)  -> (artifact id: 'fd60581f1026a0d2bf1d055d20bd7aa7') in 0.342893 seconds
  Import took 0.359607 seconds .

========================================================================
Received Prepare
Registering precompiled user dll's ...
Registered in 0.002571 seconds.
Begin MonoManager ReloadAssembly
Native extension for WindowsStandalone target not found
Native extension for WebGL target not found
Refreshing native plugins compatible for Editor in 0.30 ms, found 0 plugins.
Preloading 0 native plugins for Editor in 0.00 ms.
Mono: successfully reloaded assembly
- Completed reload, in  2.444 seconds
Platform modules already initialized, skipping
Refreshing native plugins compatible for Editor in 0.32 ms, found 0 plugins.
Preloading 0 native plugins for Editor in 0.00 ms.
Unloading 1111 Unused Serialized files (Serialized files now loaded: 0)
System memory in use before: 59.9 MB.
System memory in use after: 60.0 MB.

Unloading 5 unused Assets to reduce memory usage. Loaded Objects now: 1563.
Total: 3.325100 ms (FindLiveObjects: 0.437000 ms CreateObjectMapping: 0.093900 ms MarkObjects: 2.688300 ms  DeleteObjects: 0.101500 ms)

========================================================================
Received Prepare
Registering precompiled user dll's ...
Registered in 0.001642 seconds.
Begin MonoManager ReloadAssembly
Native extension for WindowsStandalone target not found
Native extension for WebGL target not found
Refreshing native plugins compatible for Editor in 0.35 ms, found 0 plugins.
Preloading 0 native plugins for Editor in 0.00 ms.
Mono: successfully reloaded assembly
- Completed reload, in  1.538 seconds
Platform modules already initialized, skipping
Refreshing native plugins compatible for Editor in 0.38 ms, found 0 plugins.
Preloading 0 native plugins for Editor in 0.00 ms.
Unloading 1111 Unused Serialized files (Serialized files now loaded: 0)
System memory in use before: 59.9 MB.
System memory in use after: 60.0 MB.

Unloading 5 unused Assets to reduce memory usage. Loaded Objects now: 1566.
Total: 2.907100 ms (FindLiveObjects: 0.342200 ms CreateObjectMapping: 0.101400 ms MarkObjects: 2.388500 ms  DeleteObjects: 0.071900 ms)

========================================================================
Received Prepare
Registering precompiled user dll's ...
Registered in 0.001129 seconds.
Begin MonoManager ReloadAssembly
Native extension for WindowsStandalone target not found
Native extension for WebGL target not found
Refreshing native plugins compatible for Editor in 0.28 ms, found 0 plugins.
Preloading 0 native plugins for Editor in 0.00 ms.
Mono: successfully reloaded assembly
- Completed reload, in  1.340 seconds
Platform modules already initialized, skipping
Refreshing native plugins compatible for Editor in 0.28 ms, found 0 plugins.
Preloading 0 native plugins for Editor in 0.00 ms.
Unloading 1111 Unused Serialized files (Serialized files now loaded: 0)
System memory in use before: 59.9 MB.
System memory in use after: 60.0 MB.

Unloading 5 unused Assets to reduce memory usage. Loaded Objects now: 1569.
Total: 3.210900 ms (FindLiveObjects: 0.708200 ms CreateObjectMapping: 0.076900 ms MarkObjects: 2.321200 ms  DeleteObjects: 0.103400 ms)

========================================================================
Received Prepare
Registering precompiled user dll's ...
Registered in 0.002564 seconds.
Begin MonoManager ReloadAssembly
Native extension for WindowsStandalone target not found
Native extension for WebGL target not found
Refreshing native plugins compatible for Editor in 0.49 ms, found 0 plugins.
Preloading 0 native plugins for Editor in 0.00 ms.
Mono: successfully reloaded assembly
- Completed reload, in  2.433 seconds
Platform modules already initialized, skipping
Refreshing native plugins compatible for Editor in 0.48 ms, found 0 plugins.
Preloading 0 native plugins for Editor in 0.00 ms.
Unloading 1111 Unused Serialized files (Serialized files now loaded: 0)
System memory in use before: 59.9 MB.
System memory in use after: 60.0 MB.

Unloading 5 unused Assets to reduce memory usage. Loaded Objects now: 1572.
Total: 3.723700 ms (FindLiveObjects: 0.356800 ms CreateObjectMapping: 0.127900 ms MarkObjects: 3.121400 ms  DeleteObjects: 0.095500 ms)

========================================================================
Received Prepare
Registering precompiled user dll's ...
Registered in 0.001823 seconds.
Begin MonoManager ReloadAssembly
Native extension for WindowsStandalone target not found
Native extension for WebGL target not found
Refreshing native plugins compatible for Editor in 0.29 ms, found 0 plugins.
Preloading 0 native plugins for Editor in 0.00 ms.
Mono: successfully reloaded assembly
- Completed reload, in  1.707 seconds
Platform modules already initialized, skipping
Refreshing native plugins compatible for Editor in 0.22 ms, found 0 plugins.
Preloading 0 native plugins for Editor in 0.00 ms.
Unloading 1111 Unused Serialized files (Serialized files now loaded: 0)
System memory in use before: 59.9 MB.
System memory in use after: 60.0 MB.

Unloading 5 unused Assets to reduce memory usage. Loaded Objects now: 1575.
Total: 2.736000 ms (FindLiveObjects: 0.265600 ms CreateObjectMapping: 0.096300 ms MarkObjects: 2.270300 ms  DeleteObjects: 0.101800 ms)

========================================================================
Received Prepare
Registering precompiled user dll's ...
Registered in 0.003360 seconds.
Begin MonoManager ReloadAssembly
Native extension for WindowsStandalone target not found
Native extension for WebGL target not found
Refreshing native plugins compatible for Editor in 0.39 ms, found 0 plugins.
Preloading 0 native plugins for Editor in 0.00 ms.
Mono: successfully reloaded assembly
- Completed reload, in  1.928 seconds
Platform modules already initialized, skipping
Refreshing native plugins compatible for Editor in 0.24 ms, found 0 plugins.
Preloading 0 native plugins for Editor in 0.00 ms.
Unloading 1111 Unused Serialized files (Serialized files now loaded: 0)
System memory in use before: 60.0 MB.
System memory in use after: 60.0 MB.

Unloading 5 unused Assets to reduce memory usage. Loaded Objects now: 1578.
Total: 3.195700 ms (FindLiveObjects: 0.258500 ms CreateObjectMapping: 0.095400 ms MarkObjects: 2.760700 ms  DeleteObjects: 0.078900 ms)

========================================================================
Received Prepare
Registering precompiled user dll's ...
Registered in 0.005831 seconds.
Begin MonoManager ReloadAssembly
Native extension for WindowsStandalone target not found
Native extension for WebGL target not found
Refreshing native plugins compatible for Editor in 0.39 ms, found 0 plugins.
Preloading 0 native plugins for Editor in 0.00 ms.
Mono: successfully reloaded assembly
- Completed reload, in  2.596 seconds
Platform modules already initialized, skipping
Refreshing native plugins compatible for Editor in 0.62 ms, found 0 plugins.
Preloading 0 native plugins for Editor in 0.00 ms.
Unloading 1111 Unused Serialized files (Serialized files now loaded: 0)
System memory in use before: 60.0 MB.
System memory in use after: 60.0 MB.

Unloading 5 unused Assets to reduce memory usage. Loaded Objects now: 1581.
Total: 4.560600 ms (FindLiveObjects: 0.352700 ms CreateObjectMapping: 0.093300 ms MarkObjects: 3.995800 ms  DeleteObjects: 0.116700 ms)

========================================================================
Received Prepare
Registering precompiled user dll's ...
Registered in 0.001762 seconds.
Begin MonoManager ReloadAssembly
Native extension for WindowsStandalone target not found
Native extension for WebGL target not found
Refreshing native plugins compatible for Editor in 0.57 ms, found 0 plugins.
Preloading 0 native plugins for Editor in 0.00 ms.
Mono: successfully reloaded assembly
- Completed reload, in  1.264 seconds
Platform modules already initialized, skipping
Refreshing native plugins compatible for Editor in 0.36 ms, found 0 plugins.
Preloading 0 native plugins for Editor in 0.00 ms.
Unloading 1111 Unused Serialized files (Serialized files now loaded: 0)
System memory in use before: 60.0 MB.
System memory in use after: 60.0 MB.

Unloading 5 unused Assets to reduce memory usage. Loaded Objects now: 1584.
Total: 4.239800 ms (FindLiveObjects: 0.445700 ms CreateObjectMapping: 0.201600 ms MarkObjects: 3.471900 ms  DeleteObjects: 0.117700 ms)

========================================================================
Received Import Request.
  Time since last request: 1497.948994 seconds.
  path: Assets/TransformScript.cs
  artifactKey: Guid(ead2dcaaa19f52546ab67d1833e3372d) Importer(815301076,1909f56bfc062723c751e8b465ee728b)
Start importing Assets/TransformScript.cs using Guid(ead2dcaaa19f52546ab67d1833e3372d) Importer(815301076,1909f56bfc062723c751e8b465ee728b)  -> (artifact id: '4917434183f4c02483c02ca50bee413e') in 0.008159 seconds
  Import took 0.011366 seconds .

========================================================================
Received Import Request.
  Time since last request: 0.052717 seconds.
  path: Assets/TransformScript.cs
  artifactKey: Guid(ead2dcaaa19f52546ab67d1833e3372d) Importer(815301076,1909f56bfc062723c751e8b465ee728b)
Start importing Assets/TransformScript.cs using Guid(ead2dcaaa19f52546ab67d1833e3372d) Importer(815301076,1909f56bfc062723c751e8b465ee728b)  -> (artifact id: '4917434183f4c02483c02ca50bee413e') in 0.005140 seconds
  Import took 0.012136 seconds .

========================================================================
Received Prepare
Registering precompiled user dll's ...
Registered in 0.003894 seconds.
Begin MonoManager ReloadAssembly
Native extension for WindowsStandalone target not found
Native extension for WebGL target not found
Refreshing native plugins compatible for Editor in 0.38 ms, found 0 plugins.
Preloading 0 native plugins for Editor in 0.00 ms.
Mono: successfully reloaded assembly
- Completed reload, in  2.538 seconds
Platform modules already initialized, skipping
Refreshing native plugins compatible for Editor in 0.23 ms, found 0 plugins.
Preloading 0 native plugins for Editor in 0.00 ms.
Unloading 1111 Unused Serialized files (Serialized files now loaded: 0)
System memory in use before: 60.0 MB.
System memory in use after: 60.1 MB.

Unloading 5 unused Assets to reduce memory usage. Loaded Objects now: 1587.
Total: 3.917400 ms (FindLiveObjects: 0.354400 ms CreateObjectMapping: 0.091100 ms MarkObjects: 3.372600 ms  DeleteObjects: 0.095400 ms)

========================================================================
Received Prepare
Registering precompiled user dll's ...
Registered in 0.001353 seconds.
Begin MonoManager ReloadAssembly
Native extension for WindowsStandalone target not found
Native extension for WebGL target not found
Refreshing native plugins compatible for Editor in 0.26 ms, found 0 plugins.
Preloading 0 native plugins for Editor in 0.00 ms.
Mono: successfully reloaded assembly
- Completed reload, in  1.604 seconds
Platform modules already initialized, skipping
Refreshing native plugins compatible for Editor in 0.22 ms, found 0 plugins.
Preloading 0 native plugins for Editor in 0.00 ms.
Unloading 1111 Unused Serialized files (Serialized files now loaded: 0)
System memory in use before: 60.0 MB.
System memory in use after: 60.1 MB.

Unloading 5 unused Assets to reduce memory usage. Loaded Objects now: 1590.
Total: 2.715600 ms (FindLiveObjects: 0.207200 ms CreateObjectMapping: 0.047000 ms MarkObjects: 2.395600 ms  DeleteObjects: 0.063900 ms)

========================================================================
Received Prepare
Registering precompiled user dll's ...
Registered in 0.003529 seconds.
Begin MonoManager ReloadAssembly
Native extension for WindowsStandalone target not found
Native extension for WebGL target not found
Refreshing native plugins compatible for Editor in 0.22 ms, found 0 plugins.
Preloading 0 native plugins for Editor in 0.00 ms.
Mono: successfully reloaded assembly
- Completed reload, in  1.770 seconds
Platform modules already initialized, skipping
Refreshing native plugins compatible for Editor in 0.24 ms, found 0 plugins.
Preloading 0 native plugins for Editor in 0.00 ms.
Unloading 1111 Unused Serialized files (Serialized files now loaded: 0)
System memory in use before: 60.0 MB.
System memory in use after: 60.1 MB.

Unloading 5 unused Assets to reduce memory usage. Loaded Objects now: 1593.
Total: 2.754500 ms (FindLiveObjects: 0.219800 ms CreateObjectMapping: 0.068400 ms MarkObjects: 2.405700 ms  DeleteObjects: 0.058900 ms)

========================================================================
Received Prepare
Registering precompiled user dll's ...
Registered in 0.002119 seconds.
Begin MonoManager ReloadAssembly
Native extension for WindowsStandalone target not found
Native extension for WebGL target not found
Refreshing native plugins compatible for Editor in 0.59 ms, found 0 plugins.
Preloading 0 native plugins for Editor in 0.00 ms.
Mono: successfully reloaded assembly
- Completed reload, in  1.980 seconds
Platform modules already initialized, skipping
Refreshing native plugins compatible for Editor in 0.33 ms, found 0 plugins.
Preloading 0 native plugins for Editor in 0.00 ms.
Unloading 1111 Unused Serialized files (Serialized files now loaded: 0)
System memory in use before: 60.0 MB.
System memory in use after: 60.1 MB.

Unloading 5 unused Assets to reduce memory usage. Loaded Objects now: 1596.
Total: 2.538800 ms (FindLiveObjects: 0.331200 ms CreateObjectMapping: 0.104300 ms MarkObjects: 2.013600 ms  DeleteObjects: 0.087800 ms)

========================================================================
Received Prepare
Registering precompiled user dll's ...
Registered in 0.001434 seconds.
Begin MonoManager ReloadAssembly
Native extension for WindowsStandalone target not found
Native extension for WebGL target not found
Refreshing native plugins compatible for Editor in 0.25 ms, found 0 plugins.
Preloading 0 native plugins for Editor in 0.00 ms.
Mono: successfully reloaded assembly
- Completed reload, in  1.764 seconds
Platform modules already initialized, skipping
Refreshing native plugins compatible for Editor in 0.27 ms, found 0 plugins.
Preloading 0 native plugins for Editor in 0.00 ms.
Unloading 1111 Unused Serialized files (Serialized files now loaded: 0)
System memory in use before: 60.0 MB.
System memory in use after: 60.1 MB.

Unloading 5 unused Assets to reduce memory usage. Loaded Objects now: 1599.
Total: 2.945600 ms (FindLiveObjects: 0.309400 ms CreateObjectMapping: 0.064800 ms MarkObjects: 2.482400 ms  DeleteObjects: 0.087100 ms)

========================================================================
Received Prepare
Registering precompiled user dll's ...
Registered in 0.002785 seconds.
Begin MonoManager ReloadAssembly
Native extension for WindowsStandalone target not found
Native extension for WebGL target not found
Refreshing native plugins compatible for Editor in 0.41 ms, found 0 plugins.
Preloading 0 native plugins for Editor in 0.00 ms.
Mono: successfully reloaded assembly
- Completed reload, in  2.199 seconds
Platform modules already initialized, skipping
Refreshing native plugins compatible for Editor in 0.97 ms, found 0 plugins.
Preloading 0 native plugins for Editor in 0.00 ms.
Unloading 1111 Unused Serialized files (Serialized files now loaded: 0)
System memory in use before: 60.0 MB.
System memory in use after: 60.1 MB.

Unloading 5 unused Assets to reduce memory usage. Loaded Objects now: 1602.
Total: 3.823200 ms (FindLiveObjects: 0.358900 ms CreateObjectMapping: 0.138400 ms MarkObjects: 3.226600 ms  DeleteObjects: 0.097100 ms)

========================================================================
Received Prepare
Registering precompiled user dll's ...
Registered in 0.001158 seconds.
Begin MonoManager ReloadAssembly
Native extension for WindowsStandalone target not found
Native extension for WebGL target not found
Refreshing native plugins compatible for Editor in 0.26 ms, found 0 plugins.
Preloading 0 native plugins for Editor in 0.00 ms.
Mono: successfully reloaded assembly
- Completed reload, in  1.921 seconds
Platform modules already initialized, skipping
Refreshing native plugins compatible for Editor in 0.25 ms, found 0 plugins.
Preloading 0 native plugins for Editor in 0.00 ms.
Unloading 1111 Unused Serialized files (Serialized files now loaded: 0)
System memory in use before: 60.0 MB.
System memory in use after: 60.1 MB.

Unloading 5 unused Assets to reduce memory usage. Loaded Objects now: 1605.
Total: 6.561700 ms (FindLiveObjects: 1.338800 ms CreateObjectMapping: 0.310800 ms MarkObjects: 4.803900 ms  DeleteObjects: 0.103900 ms)

========================================================================
Received Prepare
Registering precompiled user dll's ...
Registered in 0.001250 seconds.
Begin MonoManager ReloadAssembly
Native extension for WindowsStandalone target not found
Native extension for WebGL target not found
Refreshing native plugins compatible for Editor in 0.27 ms, found 0 plugins.
Preloading 0 native plugins for Editor in 0.00 ms.
Mono: successfully reloaded assembly
- Completed reload, in  1.794 seconds
Platform modules already initialized, skipping
Refreshing native plugins compatible for Editor in 0.25 ms, found 0 plugins.
Preloading 0 native plugins for Editor in 0.00 ms.
Unloading 1111 Unused Serialized files (Serialized files now loaded: 0)
System memory in use before: 60.0 MB.
System memory in use after: 60.1 MB.

Unloading 5 unused Assets to reduce memory usage. Loaded Objects now: 1608.
Total: 3.646100 ms (FindLiveObjects: 0.249000 ms CreateObjectMapping: 0.083500 ms MarkObjects: 3.205100 ms  DeleteObjects: 0.106000 ms)

========================================================================
Received Prepare
Registering precompiled user dll's ...
Registered in 0.002085 seconds.
Begin MonoManager ReloadAssembly
Native extension for WindowsStandalone target not found
Native extension for WebGL target not found
Refreshing native plugins compatible for Editor in 0.28 ms, found 0 plugins.
Preloading 0 native plugins for Editor in 0.00 ms.
Mono: successfully reloaded assembly
- Completed reload, in  1.655 seconds
Platform modules already initialized, skipping
Refreshing native plugins compatible for Editor in 0.36 ms, found 0 plugins.
Preloading 0 native plugins for Editor in 0.00 ms.
Unloading 1111 Unused Serialized files (Serialized files now loaded: 0)
System memory in use before: 60.0 MB.
System memory in use after: 60.1 MB.

Unloading 5 unused Assets to reduce memory usage. Loaded Objects now: 1611.
Total: 2.457400 ms (FindLiveObjects: 0.237200 ms CreateObjectMapping: 0.056700 ms MarkObjects: 2.099000 ms  DeleteObjects: 0.062600 ms)

========================================================================
Received Prepare
Registering precompiled user dll's ...
Registered in 0.004190 seconds.
Begin MonoManager ReloadAssembly
Native extension for WindowsStandalone target not found
Native extension for WebGL target not found
Refreshing native plugins compatible for Editor in 0.30 ms, found 0 plugins.
Preloading 0 native plugins for Editor in 0.00 ms.
Mono: successfully reloaded assembly
- Completed reload, in  1.489 seconds
Platform modules already initialized, skipping
Refreshing native plugins compatible for Editor in 0.45 ms, found 0 plugins.
Preloading 0 native plugins for Editor in 0.00 ms.
Unloading 1111 Unused Serialized files (Serialized files now loaded: 0)
System memory in use before: 60.0 MB.
System memory in use after: 60.1 MB.

Unloading 5 unused Assets to reduce memory usage. Loaded Objects now: 1614.
Total: 4.197800 ms (FindLiveObjects: 0.309400 ms CreateObjectMapping: 0.074900 ms MarkObjects: 3.707300 ms  DeleteObjects: 0.104200 ms)

========================================================================
Received Prepare
Registering precompiled user dll's ...
Registered in 0.003162 seconds.
Begin MonoManager ReloadAssembly
Native extension for WindowsStandalone target not found
Native extension for WebGL target not found
Refreshing native plugins compatible for Editor in 0.29 ms, found 0 plugins.
Preloading 0 native plugins for Editor in 0.00 ms.
Mono: successfully reloaded assembly
- Completed reload, in  1.588 seconds
Platform modules already initialized, skipping
Refreshing native plugins compatible for Editor in 0.28 ms, found 0 plugins.
Preloading 0 native plugins for Editor in 0.00 ms.
Unloading 1111 Unused Serialized files (Serialized files now loaded: 0)
System memory in use before: 60.0 MB.
System memory in use after: 60.1 MB.

Unloading 5 unused Assets to reduce memory usage. Loaded Objects now: 1617.
Total: 3.658500 ms (FindLiveObjects: 0.350200 ms CreateObjectMapping: 0.079500 ms MarkObjects: 3.139600 ms  DeleteObjects: 0.085700 ms)

========================================================================
Received Prepare
Registering precompiled user dll's ...
Registered in 0.001182 seconds.
Begin MonoManager ReloadAssembly
Native extension for WindowsStandalone target not found
Native extension for WebGL target not found
Refreshing native plugins compatible for Editor in 0.25 ms, found 0 plugins.
Preloading 0 native plugins for Editor in 0.00 ms.
Mono: successfully reloaded assembly
- Completed reload, in  1.814 seconds
Platform modules already initialized, skipping
Refreshing native plugins compatible for Editor in 0.37 ms, found 0 plugins.
Preloading 0 native plugins for Editor in 0.00 ms.
Unloading 1111 Unused Serialized files (Serialized files now loaded: 0)
System memory in use before: 60.0 MB.
System memory in use after: 60.1 MB.

Unloading 5 unused Assets to reduce memory usage. Loaded Objects now: 1620.
Total: 2.340200 ms (FindLiveObjects: 0.162800 ms CreateObjectMapping: 0.048600 ms MarkObjects: 2.044900 ms  DeleteObjects: 0.080000 ms)

========================================================================
Received Prepare
Registering precompiled user dll's ...
Registered in 0.001135 seconds.
Begin MonoManager ReloadAssembly
Native extension for WindowsStandalone target not found
Native extension for WebGL target not found
Refreshing native plugins compatible for Editor in 0.20 ms, found 0 plugins.
Preloading 0 native plugins for Editor in 0.00 ms.
Mono: successfully reloaded assembly
- Completed reload, in  1.872 seconds
Platform modules already initialized, skipping
Refreshing native plugins compatible for Editor in 0.23 ms, found 0 plugins.
Preloading 0 native plugins for Editor in 0.00 ms.
Unloading 1111 Unused Serialized files (Serialized files now loaded: 0)
System memory in use before: 60.0 MB.
System memory in use after: 60.1 MB.

Unloading 5 unused Assets to reduce memory usage. Loaded Objects now: 1623.
Total: 3.763600 ms (FindLiveObjects: 0.465900 ms CreateObjectMapping: 0.111300 ms MarkObjects: 3.119500 ms  DeleteObjects: 0.064600 ms)

========================================================================
Received Prepare
Registering precompiled user dll's ...
Registered in 0.001725 seconds.
Begin MonoManager ReloadAssembly
Native extension for WindowsStandalone target not found
Native extension for WebGL target not found
Refreshing native plugins compatible for Editor in 0.25 ms, found 0 plugins.
Preloading 0 native plugins for Editor in 0.00 ms.
Mono: successfully reloaded assembly
- Completed reload, in  1.714 seconds
Platform modules already initialized, skipping
Refreshing native plugins compatible for Editor in 0.68 ms, found 0 plugins.
Preloading 0 native plugins for Editor in 0.00 ms.
Unloading 1111 Unused Serialized files (Serialized files now loaded: 0)
System memory in use before: 60.0 MB.
System memory in use after: 60.1 MB.

Unloading 5 unused Assets to reduce memory usage. Loaded Objects now: 1626.
Total: 4.251000 ms (FindLiveObjects: 0.771100 ms CreateObjectMapping: 0.121300 ms MarkObjects: 3.211800 ms  DeleteObjects: 0.137800 ms)

========================================================================
Received Prepare
Registering precompiled user dll's ...
Registered in 0.006084 seconds.
Begin MonoManager ReloadAssembly
Native extension for WindowsStandalone target not found
Native extension for WebGL target not found
Refreshing native plugins compatible for Editor in 0.40 ms, found 0 plugins.
Preloading 0 native plugins for Editor in 0.00 ms.
Mono: successfully reloaded assembly
- Completed reload, in  2.438 seconds
Platform modules already initialized, skipping
Refreshing native plugins compatible for Editor in 0.51 ms, found 0 plugins.
Preloading 0 native plugins for Editor in 0.00 ms.
Unloading 1111 Unused Serialized files (Serialized files now loaded: 0)
System memory in use before: 60.1 MB.
System memory in use after: 60.2 MB.

Unloading 5 unused Assets to reduce memory usage. Loaded Objects now: 1629.
Total: 3.868200 ms (FindLiveObjects: 0.305400 ms CreateObjectMapping: 0.062900 ms MarkObjects: 3.381900 ms  DeleteObjects: 0.113100 ms)

========================================================================
Received Prepare
Registering precompiled user dll's ...
Registered in 0.001245 seconds.
Begin MonoManager ReloadAssembly
Native extension for WindowsStandalone target not found
Native extension for WebGL target not found
Refreshing native plugins compatible for Editor in 0.23 ms, found 0 plugins.
Preloading 0 native plugins for Editor in 0.00 ms.
Mono: successfully reloaded assembly
- Completed reload, in  1.717 seconds
Platform modules already initialized, skipping
Refreshing native plugins compatible for Editor in 0.30 ms, found 0 plugins.
Preloading 0 native plugins for Editor in 0.00 ms.
Unloading 1111 Unused Serialized files (Serialized files now loaded: 0)
System memory in use before: 60.1 MB.
System memory in use after: 60.2 MB.

Unloading 5 unused Assets to reduce memory usage. Loaded Objects now: 1632.
Total: 3.893600 ms (FindLiveObjects: 0.467200 ms CreateObjectMapping: 0.160500 ms MarkObjects: 3.166700 ms  DeleteObjects: 0.096800 ms)

========================================================================
Received Prepare
Registering precompiled user dll's ...
Registered in 0.001360 seconds.
Begin MonoManager ReloadAssembly
Native extension for WindowsStandalone target not found
Native extension for WebGL target not found
Refreshing native plugins compatible for Editor in 0.24 ms, found 0 plugins.
Preloading 0 native plugins for Editor in 0.00 ms.
Mono: successfully reloaded assembly
- Completed reload, in  2.123 seconds
Platform modules already initialized, skipping
Refreshing native plugins compatible for Editor in 0.29 ms, found 0 plugins.
Preloading 0 native plugins for Editor in 0.00 ms.
Unloading 1111 Unused Serialized files (Serialized files now loaded: 0)
System memory in use before: 60.1 MB.
System memory in use after: 60.2 MB.

Unloading 5 unused Assets to reduce memory usage. Loaded Objects now: 1635.
Total: 4.738600 ms (FindLiveObjects: 0.851600 ms CreateObjectMapping: 0.155600 ms MarkObjects: 3.637000 ms  DeleteObjects: 0.090400 ms)

========================================================================
Received Prepare
Registering precompiled user dll's ...
Registered in 0.002558 seconds.
Begin MonoManager ReloadAssembly
Native extension for WindowsStandalone target not found
Native extension for WebGL target not found
Refreshing native plugins compatible for Editor in 0.53 ms, found 0 plugins.
Preloading 0 native plugins for Editor in 0.00 ms.
Mono: successfully reloaded assembly
- Completed reload, in  2.505 seconds
Platform modules already initialized, skipping
Refreshing native plugins compatible for Editor in 0.98 ms, found 0 plugins.
Preloading 0 native plugins for Editor in 0.00 ms.
Unloading 1111 Unused Serialized files (Serialized files now loaded: 0)
System memory in use before: 60.1 MB.
System memory in use after: 60.2 MB.

Unloading 5 unused Assets to reduce memory usage. Loaded Objects now: 1638.
Total: 3.607500 ms (FindLiveObjects: 0.499900 ms CreateObjectMapping: 0.178800 ms MarkObjects: 2.824100 ms  DeleteObjects: 0.101100 ms)

========================================================================
Received Prepare
Registering precompiled user dll's ...
Registered in 0.001115 seconds.
Begin MonoManager ReloadAssembly
Native extension for WindowsStandalone target not found
Native extension for WebGL target not found
Refreshing native plugins compatible for Editor in 0.35 ms, found 0 plugins.
Preloading 0 native plugins for Editor in 0.00 ms.
Mono: successfully reloaded assembly
- Completed reload, in  2.032 seconds
Platform modules already initialized, skipping
Refreshing native plugins compatible for Editor in 0.25 ms, found 0 plugins.
Preloading 0 native plugins for Editor in 0.00 ms.
Unloading 1111 Unused Serialized files (Serialized files now loaded: 0)
System memory in use before: 60.1 MB.
System memory in use after: 60.2 MB.

Unloading 5 unused Assets to reduce memory usage. Loaded Objects now: 1641.
Total: 2.887300 ms (FindLiveObjects: 0.324300 ms CreateObjectMapping: 0.055100 ms MarkObjects: 2.435800 ms  DeleteObjects: 0.070300 ms)

========================================================================
Received Prepare
Registering precompiled user dll's ...
Registered in 0.009146 seconds.
Begin MonoManager ReloadAssembly
Native extension for WindowsStandalone target not found
Native extension for WebGL target not found
Refreshing native plugins compatible for Editor in 0.63 ms, found 0 plugins.
Preloading 0 native plugins for Editor in 0.00 ms.
Mono: successfully reloaded assembly
- Completed reload, in  3.016 seconds
Platform modules already initialized, skipping
Refreshing native plugins compatible for Editor in 0.29 ms, found 0 plugins.
Preloading 0 native plugins for Editor in 0.00 ms.
Unloading 1111 Unused Serialized files (Serialized files now loaded: 0)
System memory in use before: 60.1 MB.
System memory in use after: 60.2 MB.

Unloading 5 unused Assets to reduce memory usage. Loaded Objects now: 1644.
Total: 2.889800 ms (FindLiveObjects: 0.246900 ms CreateObjectMapping: 0.055700 ms MarkObjects: 2.442500 ms  DeleteObjects: 0.142900 ms)

========================================================================
Received Import Request.
  Time since last request: 2905.261072 seconds.
  path: Assets/ZWrite.shader
  artifactKey: Guid(e9168e86f87c5b544a6fb97110c96548) Importer(815301076,1909f56bfc062723c751e8b465ee728b)
Start importing Assets/ZWrite.shader using Guid(e9168e86f87c5b544a6fb97110c96548) Importer(815301076,1909f56bfc062723c751e8b465ee728b)  -> (artifact id: 'ab12ae1f92118fee483d2e3d941ff042') in 0.122694 seconds
  Import took 0.135239 seconds .

========================================================================
Received Import Request.
  Time since last request: 0.962580 seconds.
  path: Assets/ZWrite.shader
  artifactKey: Guid(e9168e86f87c5b544a6fb97110c96548) Importer(815301076,1909f56bfc062723c751e8b465ee728b)
Start importing Assets/ZWrite.shader using Guid(e9168e86f87c5b544a6fb97110c96548) Importer(815301076,1909f56bfc062723c751e8b465ee728b)  -> (artifact id: 'ab12ae1f92118fee483d2e3d941ff042') in 0.012851 seconds
  Import took 0.017496 seconds .

========================================================================
Received Import Request.
  Time since last request: 15.383442 seconds.
  path: Assets/ZWrite.shader
  artifactKey: Guid(e9168e86f87c5b544a6fb97110c96548) Importer(815301076,1909f56bfc062723c751e8b465ee728b)
Start importing Assets/ZWrite.shader using Guid(e9168e86f87c5b544a6fb97110c96548) Importer(815301076,1909f56bfc062723c751e8b465ee728b)  -> (artifact id: '151a1b41f6f24a15806da02fa025b316') in 0.022901 seconds
  Import took 0.032836 seconds .

========================================================================
Received Import Request.
  Time since last request: 125.248590 seconds.
  path: Assets/Materials/3DModels/Bronchi.mat
  artifactKey: Guid(e3aa7bcf5ba15d548a2e167ca7be720c) Importer(815301076,1909f56bfc062723c751e8b465ee728b)
Start importing Assets/Materials/3DModels/Bronchi.mat using Guid(e3aa7bcf5ba15d548a2e167ca7be720c) Importer(815301076,1909f56bfc062723c751e8b465ee728b)  -> (artifact id: '84f67eb680513a4d4df3324785a18c8f') in 0.336949 seconds
  Import took 0.341881 seconds .

========================================================================
Received Import Request.
  Time since last request: 0.000791 seconds.
  path: Assets/Materials/3DModels/SmallIntestine.mat
  artifactKey: Guid(c29f73d0d2be59e4e8c6f47bf4bdab27) Importer(815301076,1909f56bfc062723c751e8b465ee728b)
Start importing Assets/Materials/3DModels/SmallIntestine.mat using Guid(c29f73d0d2be59e4e8c6f47bf4bdab27) Importer(815301076,1909f56bfc062723c751e8b465ee728b)  -> (artifact id: '7b6a674c697e9393caffac77080cc910') in 0.066108 seconds
  Import took 0.072910 seconds .

========================================================================
Received Import Request.
  Time since last request: 0.000792 seconds.
  path: Assets/Materials/3DModels/UrinaryBladder.mat
  artifactKey: Guid(e122573949b05144dad4743bd4765ccb) Importer(815301076,1909f56bfc062723c751e8b465ee728b)
Start importing Assets/Materials/3DModels/UrinaryBladder.mat using Guid(e122573949b05144dad4743bd4765ccb) Importer(815301076,1909f56bfc062723c751e8b465ee728b)  -> (artifact id: '4bbb3c975c70641ed9d15fc7cba9abcc') in 0.070245 seconds
  Import took 0.076238 seconds .

========================================================================
Received Import Request.
  Time since last request: 0.000495 seconds.
  path: Assets/Materials/3DModels/LargeIntestine.mat
  artifactKey: Guid(0e7648dfea2b58e47a1054dee91e0b7c) Importer(815301076,1909f56bfc062723c751e8b465ee728b)
Start importing Assets/Materials/3DModels/LargeIntestine.mat using Guid(0e7648dfea2b58e47a1054dee91e0b7c) Importer(815301076,1909f56bfc062723c751e8b465ee728b)  -> (artifact id: 'e0521822082516bee45aaa9e5a296291') in 0.060635 seconds
  Import took 0.067135 seconds .

========================================================================
Received Import Request.
  Time since last request: 0.000530 seconds.
  path: Assets/Materials/3DModels/Stomach.mat
  artifactKey: Guid(ac6f57fa7200ecf43a295d2533c116ff) Importer(815301076,1909f56bfc062723c751e8b465ee728b)
Start importing Assets/Materials/3DModels/Stomach.mat using Guid(ac6f57fa7200ecf43a295d2533c116ff) Importer(815301076,1909f56bfc062723c751e8b465ee728b)  -> (artifact id: '1bb956755d3fbec084f43002be53928d') in 0.044290 seconds
  Import took 0.053346 seconds .

========================================================================
Received Import Request.
  Time since last request: 0.000744 seconds.
  path: Assets/Materials/3DModels/Kidney.mat
  artifactKey: Guid(d3b32d97511e9254db38d7ae18dbc2f9) Importer(815301076,1909f56bfc062723c751e8b465ee728b)
Start importing Assets/Materials/3DModels/Kidney.mat using Guid(d3b32d97511e9254db38d7ae18dbc2f9) Importer(815301076,1909f56bfc062723c751e8b465ee728b)  -> (artifact id: '1b1d3502eb0d71193e77e15e9644d8a6') in 0.046254 seconds
  Import took 0.051119 seconds .

========================================================================
Received Import Request.
  Time since last request: 0.001085 seconds.
  path: Assets/Materials/3DModels/Lung.mat
  artifactKey: Guid(fc568b491bd4dbf42a991008a567d297) Importer(815301076,1909f56bfc062723c751e8b465ee728b)
Start importing Assets/Materials/3DModels/Lung.mat using Guid(fc568b491bd4dbf42a991008a567d297) Importer(815301076,1909f56bfc062723c751e8b465ee728b)  -> (artifact id: '87f882e513b766d45077092a38cab791') in 0.049643 seconds
  Import took 0.054836 seconds .

========================================================================
Received Import Request.
  Time since last request: 0.000552 seconds.
  path: Assets/Materials/3DModels/Liver.mat
  artifactKey: Guid(59cb78f935aae194daaac85bce4a8952) Importer(815301076,1909f56bfc062723c751e8b465ee728b)
Start importing Assets/Materials/3DModels/Liver.mat using Guid(59cb78f935aae194daaac85bce4a8952) Importer(815301076,1909f56bfc062723c751e8b465ee728b)  -> (artifact id: 'b66a704a783d32dd271758c3b3db8bb9') in 0.053235 seconds
  Import took 0.061145 seconds .

========================================================================
Received Prepare
Registering precompiled user dll's ...
Registered in 0.013426 seconds.
Begin MonoManager ReloadAssembly
Native extension for WindowsStandalone target not found
Native extension for WebGL target not found
Refreshing native plugins compatible for Editor in 0.53 ms, found 0 plugins.
Preloading 0 native plugins for Editor in 0.00 ms.
Mono: successfully reloaded assembly
- Completed reload, in  6.233 seconds
Platform modules already initialized, skipping
Refreshing native plugins compatible for Editor in 1.97 ms, found 0 plugins.
Preloading 0 native plugins for Editor in 0.00 ms.
Unloading 1112 Unused Serialized files (Serialized files now loaded: 0)
System memory in use before: 63.9 MB.
System memory in use after: 64.0 MB.

Unloading 5 unused Assets to reduce memory usage. Loaded Objects now: 1689.
Total: 15.638600 ms (FindLiveObjects: 1.246200 ms CreateObjectMapping: 0.362900 ms MarkObjects: 13.758400 ms  DeleteObjects: 0.256100 ms)

========================================================================
Received Prepare
Registering precompiled user dll's ...
Registered in 0.001378 seconds.
Begin MonoManager ReloadAssembly
Native extension for WindowsStandalone target not found
Native extension for WebGL target not found
Refreshing native plugins compatible for Editor in 1.81 ms, found 0 plugins.
Preloading 0 native plugins for Editor in 0.00 ms.
Mono: successfully reloaded assembly
- Completed reload, in  3.630 seconds
Platform modules already initialized, skipping
Refreshing native plugins compatible for Editor in 1.02 ms, found 0 plugins.
Preloading 0 native plugins for Editor in 0.00 ms.
Unloading 1111 Unused Serialized files (Serialized files now loaded: 0)
System memory in use before: 63.8 MB.
System memory in use after: 63.9 MB.

Unloading 5 unused Assets to reduce memory usage. Loaded Objects now: 1692.
Total: 13.875100 ms (FindLiveObjects: 0.976000 ms CreateObjectMapping: 0.291100 ms MarkObjects: 12.287600 ms  DeleteObjects: 0.288900 ms)

========================================================================
Received Prepare
Registering precompiled user dll's ...
Registered in 0.002570 seconds.
Begin MonoManager ReloadAssembly
Native extension for WindowsStandalone target not found
Native extension for WebGL target not found
Refreshing native plugins compatible for Editor in 0.35 ms, found 0 plugins.
Preloading 0 native plugins for Editor in 0.00 ms.
Mono: successfully reloaded assembly
- Completed reload, in  3.528 seconds
Platform modules already initialized, skipping
Refreshing native plugins compatible for Editor in 0.37 ms, found 0 plugins.
Preloading 0 native plugins for Editor in 0.00 ms.
Unloading 1111 Unused Serialized files (Serialized files now loaded: 0)
System memory in use before: 63.8 MB.
System memory in use after: 63.9 MB.

Unloading 5 unused Assets to reduce memory usage. Loaded Objects now: 1695.
Total: 3.834000 ms (FindLiveObjects: 0.459500 ms CreateObjectMapping: 0.090900 ms MarkObjects: 3.183400 ms  DeleteObjects: 0.097000 ms)

========================================================================
Received Prepare
Registering precompiled user dll's ...
Registered in 0.001788 seconds.
Begin MonoManager ReloadAssembly
Native extension for WindowsStandalone target not found
Native extension for WebGL target not found
Refreshing native plugins compatible for Editor in 0.43 ms, found 0 plugins.
Preloading 0 native plugins for Editor in 0.00 ms.
Mono: successfully reloaded assembly
- Completed reload, in  5.701 seconds
Platform modules already initialized, skipping
Refreshing native plugins compatible for Editor in 0.60 ms, found 0 plugins.
Preloading 0 native plugins for Editor in 0.00 ms.
Unloading 1111 Unused Serialized files (Serialized files now loaded: 0)
System memory in use before: 63.9 MB.
System memory in use after: 63.9 MB.

Unloading 5 unused Assets to reduce memory usage. Loaded Objects now: 1698.
Total: 10.736100 ms (FindLiveObjects: 0.867000 ms CreateObjectMapping: 0.175000 ms MarkObjects: 9.453800 ms  DeleteObjects: 0.227100 ms)

========================================================================
Received Prepare
Registering precompiled user dll's ...
Registered in 0.001308 seconds.
Begin MonoManager ReloadAssembly
Native extension for WindowsStandalone target not found
Native extension for WebGL target not found
Refreshing native plugins compatible for Editor in 1.85 ms, found 0 plugins.
Preloading 0 native plugins for Editor in 0.00 ms.
Mono: successfully reloaded assembly
- Completed reload, in  4.999 seconds
Platform modules already initialized, skipping
Refreshing native plugins compatible for Editor in 6.04 ms, found 0 plugins.
Preloading 0 native plugins for Editor in 0.00 ms.
Unloading 1111 Unused Serialized files (Serialized files now loaded: 0)
System memory in use before: 63.9 MB.
System memory in use after: 63.9 MB.

Unloading 5 unused Assets to reduce memory usage. Loaded Objects now: 1701.
Total: 5.330700 ms (FindLiveObjects: 0.986500 ms CreateObjectMapping: 0.249100 ms MarkObjects: 3.731400 ms  DeleteObjects: 0.356200 ms)

========================================================================
Received Prepare
Registering precompiled user dll's ...
Registered in 0.001355 seconds.
Begin MonoManager ReloadAssembly
Native extension for WindowsStandalone target not found
Native extension for WebGL target not found
Refreshing native plugins compatible for Editor in 1.92 ms, found 0 plugins.
Preloading 0 native plugins for Editor in 0.00 ms.
Mono: successfully reloaded assembly
- Completed reload, in  4.987 seconds
Platform modules already initialized, skipping
Refreshing native plugins compatible for Editor in 75.40 ms, found 0 plugins.
Preloading 0 native plugins for Editor in 0.00 ms.
Unloading 1111 Unused Serialized files (Serialized files now loaded: 0)
System memory in use before: 63.9 MB.
System memory in use after: 63.9 MB.

Unloading 5 unused Assets to reduce memory usage. Loaded Objects now: 1704.
Total: 41.040700 ms (FindLiveObjects: 5.341500 ms CreateObjectMapping: 1.211500 ms MarkObjects: 34.343700 ms  DeleteObjects: 0.140500 ms)

========================================================================
Received Prepare
Registering precompiled user dll's ...
Registered in 0.004541 seconds.
Begin MonoManager ReloadAssembly
Native extension for WindowsStandalone target not found
Native extension for WebGL target not found
Refreshing native plugins compatible for Editor in 3.25 ms, found 0 plugins.
Preloading 0 native plugins for Editor in 0.00 ms.
Mono: successfully reloaded assembly
- Completed reload, in  4.714 seconds
Platform modules already initialized, skipping
Refreshing native plugins compatible for Editor in 2.06 ms, found 0 plugins.
Preloading 0 native plugins for Editor in 0.00 ms.
Unloading 1111 Unused Serialized files (Serialized files now loaded: 0)
System memory in use before: 63.9 MB.
System memory in use after: 63.9 MB.

Unloading 5 unused Assets to reduce memory usage. Loaded Objects now: 1707.
Total: 9.347600 ms (FindLiveObjects: 1.802400 ms CreateObjectMapping: 0.577600 ms MarkObjects: 6.813200 ms  DeleteObjects: 0.149500 ms)

========================================================================
Received Prepare
Registering precompiled user dll's ...
Registered in 0.002039 seconds.
Begin MonoManager ReloadAssembly
Native extension for WindowsStandalone target not found
Native extension for WebGL target not found
Refreshing native plugins compatible for Editor in 1.85 ms, found 0 plugins.
Preloading 0 native plugins for Editor in 0.00 ms.
Mono: successfully reloaded assembly
- Completed reload, in  4.839 seconds
Platform modules already initialized, skipping
Refreshing native plugins compatible for Editor in 2.18 ms, found 0 plugins.
Preloading 0 native plugins for Editor in 0.00 ms.
Unloading 1111 Unused Serialized files (Serialized files now loaded: 0)
System memory in use before: 63.9 MB.
System memory in use after: 63.9 MB.

Unloading 5 unused Assets to reduce memory usage. Loaded Objects now: 1710.
Total: 9.682900 ms (FindLiveObjects: 1.453000 ms CreateObjectMapping: 0.175300 ms MarkObjects: 7.872500 ms  DeleteObjects: 0.173800 ms)

========================================================================
Received Prepare
Registering precompiled user dll's ...
Registered in 0.007586 seconds.
Begin MonoManager ReloadAssembly
Native extension for WindowsStandalone target not found
Native extension for WebGL target not found
Refreshing native plugins compatible for Editor in 1.47 ms, found 0 plugins.
Preloading 0 native plugins for Editor in 0.00 ms.
Mono: successfully reloaded assembly
- Completed reload, in  4.802 seconds
Platform modules already initialized, skipping
Refreshing native plugins compatible for Editor in 0.39 ms, found 0 plugins.
Preloading 0 native plugins for Editor in 0.00 ms.
Unloading 1111 Unused Serialized files (Serialized files now loaded: 0)
System memory in use before: 63.8 MB.
System memory in use after: 63.9 MB.

Unloading 5 unused Assets to reduce memory usage. Loaded Objects now: 1713.
Total: 9.553400 ms (FindLiveObjects: 1.317400 ms CreateObjectMapping: 0.174200 ms MarkObjects: 7.900200 ms  DeleteObjects: 0.153900 ms)

========================================================================
Received Prepare
Registering precompiled user dll's ...
Registered in 0.003711 seconds.
Begin MonoManager ReloadAssembly
Native extension for WindowsStandalone target not found
Native extension for WebGL target not found
Refreshing native plugins compatible for Editor in 1.52 ms, found 0 plugins.
Preloading 0 native plugins for Editor in 0.00 ms.
Mono: successfully reloaded assembly
- Completed reload, in  5.470 seconds
Platform modules already initialized, skipping
Refreshing native plugins compatible for Editor in 0.48 ms, found 0 plugins.
Preloading 0 native plugins for Editor in 0.00 ms.
Unloading 1111 Unused Serialized files (Serialized files now loaded: 0)
System memory in use before: 63.8 MB.
System memory in use after: 63.9 MB.

Unloading 5 unused Assets to reduce memory usage. Loaded Objects now: 1716.
Total: 10.943900 ms (FindLiveObjects: 1.273400 ms CreateObjectMapping: 0.362900 ms MarkObjects: 8.935100 ms  DeleteObjects: 0.365400 ms)

========================================================================
Received Prepare
Registering precompiled user dll's ...
Registered in 0.001824 seconds.
Begin MonoManager ReloadAssembly
Native extension for WindowsStandalone target not found
Native extension for WebGL target not found
Refreshing native plugins compatible for Editor in 1.02 ms, found 0 plugins.
Preloading 0 native plugins for Editor in 0.00 ms.
Mono: successfully reloaded assembly
- Completed reload, in  4.889 seconds
Platform modules already initialized, skipping
Refreshing native plugins compatible for Editor in 0.97 ms, found 0 plugins.
Preloading 0 native plugins for Editor in 0.00 ms.
Unloading 1111 Unused Serialized files (Serialized files now loaded: 0)
System memory in use before: 63.8 MB.
System memory in use after: 63.9 MB.

Unloading 5 unused Assets to reduce memory usage. Loaded Objects now: 1719.
Total: 8.818900 ms (FindLiveObjects: 0.952200 ms CreateObjectMapping: 0.250900 ms MarkObjects: 7.406700 ms  DeleteObjects: 0.201900 ms)

========================================================================
Received Prepare
Registering precompiled user dll's ...
Registered in 0.002118 seconds.
Begin MonoManager ReloadAssembly
Native extension for WindowsStandalone target not found
Native extension for WebGL target not found
Refreshing native plugins compatible for Editor in 1.80 ms, found 0 plugins.
Preloading 0 native plugins for Editor in 0.00 ms.
Mono: successfully reloaded assembly
- Completed reload, in  4.214 seconds
Platform modules already initialized, skipping
Refreshing native plugins compatible for Editor in 0.85 ms, found 0 plugins.
Preloading 0 native plugins for Editor in 0.00 ms.
Unloading 1111 Unused Serialized files (Serialized files now loaded: 0)
System memory in use before: 63.8 MB.
System memory in use after: 63.9 MB.

Unloading 5 unused Assets to reduce memory usage. Loaded Objects now: 1722.
Total: 11.794200 ms (FindLiveObjects: 2.931400 ms CreateObjectMapping: 0.548900 ms MarkObjects: 8.098700 ms  DeleteObjects: 0.201700 ms)

========================================================================
Received Prepare
Registering precompiled user dll's ...
Registered in 0.002102 seconds.
Begin MonoManager ReloadAssembly
Native extension for WindowsStandalone target not found
Native extension for WebGL target not found
Refreshing native plugins compatible for Editor in 0.88 ms, found 0 plugins.
Preloading 0 native plugins for Editor in 0.00 ms.
Mono: successfully reloaded assembly
- Completed reload, in  3.361 seconds
Platform modules already initialized, skipping
Refreshing native plugins compatible for Editor in 0.55 ms, found 0 plugins.
Preloading 0 native plugins for Editor in 0.00 ms.
Unloading 1111 Unused Serialized files (Serialized files now loaded: 0)
System memory in use before: 63.8 MB.
System memory in use after: 63.9 MB.

Unloading 5 unused Assets to reduce memory usage. Loaded Objects now: 1725.
Total: 5.587700 ms (FindLiveObjects: 1.136200 ms CreateObjectMapping: 0.481700 ms MarkObjects: 3.888800 ms  DeleteObjects: 0.077600 ms)

========================================================================
Received Prepare
Registering precompiled user dll's ...
Registered in 0.001610 seconds.
Begin MonoManager ReloadAssembly
Native extension for WindowsStandalone target not found
Native extension for WebGL target not found
Refreshing native plugins compatible for Editor in 4.49 ms, found 0 plugins.
Preloading 0 native plugins for Editor in 0.00 ms.
Mono: successfully reloaded assembly
- Completed reload, in  2.808 seconds
Platform modules already initialized, skipping
Refreshing native plugins compatible for Editor in 2.96 ms, found 0 plugins.
Preloading 0 native plugins for Editor in 0.00 ms.
Unloading 1111 Unused Serialized files (Serialized files now loaded: 0)
System memory in use before: 63.9 MB.
System memory in use after: 63.9 MB.

Unloading 5 unused Assets to reduce memory usage. Loaded Objects now: 1728.
Total: 7.371300 ms (FindLiveObjects: 1.552700 ms CreateObjectMapping: 0.345000 ms MarkObjects: 5.301400 ms  DeleteObjects: 0.165000 ms)

========================================================================
Received Prepare
Registering precompiled user dll's ...
Registered in 0.003002 seconds.
Begin MonoManager ReloadAssembly
Native extension for WindowsStandalone target not found
Native extension for WebGL target not found
Refreshing native plugins compatible for Editor in 0.27 ms, found 0 plugins.
Preloading 0 native plugins for Editor in 0.00 ms.
Mono: successfully reloaded assembly
- Completed reload, in  2.787 seconds
Platform modules already initialized, skipping
Refreshing native plugins compatible for Editor in 1.55 ms, found 0 plugins.
Preloading 0 native plugins for Editor in 0.00 ms.
Unloading 1111 Unused Serialized files (Serialized files now loaded: 0)
System memory in use before: 63.9 MB.
System memory in use after: 63.9 MB.

Unloading 5 unused Assets to reduce memory usage. Loaded Objects now: 1731.
Total: 4.969700 ms (FindLiveObjects: 1.052500 ms CreateObjectMapping: 0.275400 ms MarkObjects: 3.566900 ms  DeleteObjects: 0.071700 ms)

========================================================================
Received Prepare
Registering precompiled user dll's ...
Registered in 0.002316 seconds.
Begin MonoManager ReloadAssembly
Native extension for WindowsStandalone target not found
Native extension for WebGL target not found
Refreshing native plugins compatible for Editor in 0.30 ms, found 0 plugins.
Preloading 0 native plugins for Editor in 0.00 ms.
Mono: successfully reloaded assembly
- Completed reload, in  4.731 seconds
Platform modules already initialized, skipping
Refreshing native plugins compatible for Editor in 1.22 ms, found 0 plugins.
Preloading 0 native plugins for Editor in 0.00 ms.
Unloading 1111 Unused Serialized files (Serialized files now loaded: 0)
System memory in use before: 63.9 MB.
System memory in use after: 63.9 MB.

Unloading 5 unused Assets to reduce memory usage. Loaded Objects now: 1734.
Total: 9.212700 ms (FindLiveObjects: 0.370200 ms CreateObjectMapping: 0.123600 ms MarkObjects: 8.379900 ms  DeleteObjects: 0.336700 ms)

========================================================================
Received Prepare
Registering precompiled user dll's ...
Registered in 0.001468 seconds.
Begin MonoManager ReloadAssembly
Native extension for WindowsStandalone target not found
Native extension for WebGL target not found
Refreshing native plugins compatible for Editor in 1.29 ms, found 0 plugins.
Preloading 0 native plugins for Editor in 0.00 ms.
Mono: successfully reloaded assembly
- Completed reload, in  2.799 seconds
Platform modules already initialized, skipping
Refreshing native plugins compatible for Editor in 0.41 ms, found 0 plugins.
Preloading 0 native plugins for Editor in 0.00 ms.
Unloading 1111 Unused Serialized files (Serialized files now loaded: 0)
System memory in use before: 63.9 MB.
System memory in use after: 63.9 MB.

Unloading 5 unused Assets to reduce memory usage. Loaded Objects now: 1737.
Total: 9.287500 ms (FindLiveObjects: 0.415800 ms CreateObjectMapping: 0.102800 ms MarkObjects: 8.366700 ms  DeleteObjects: 0.394500 ms)

========================================================================
Received Prepare
Registering precompiled user dll's ...
Registered in 0.001511 seconds.
Begin MonoManager ReloadAssembly
Native extension for WindowsStandalone target not found
Native extension for WebGL target not found
Refreshing native plugins compatible for Editor in 1.04 ms, found 0 plugins.
Preloading 0 native plugins for Editor in 0.00 ms.
Mono: successfully reloaded assembly
- Completed reload, in  1.892 seconds
Platform modules already initialized, skipping
Refreshing native plugins compatible for Editor in 0.24 ms, found 0 plugins.
Preloading 0 native plugins for Editor in 0.00 ms.
Unloading 1111 Unused Serialized files (Serialized files now loaded: 0)
System memory in use before: 63.9 MB.
System memory in use after: 63.9 MB.

Unloading 5 unused Assets to reduce memory usage. Loaded Objects now: 1740.
Total: 3.714800 ms (FindLiveObjects: 0.273900 ms CreateObjectMapping: 0.070900 ms MarkObjects: 3.243000 ms  DeleteObjects: 0.106200 ms)

========================================================================
Received Prepare
Registering precompiled user dll's ...
Registered in 0.002721 seconds.
Begin MonoManager ReloadAssembly
Native extension for WindowsStandalone target not found
Native extension for WebGL target not found
Refreshing native plugins compatible for Editor in 1.70 ms, found 0 plugins.
Preloading 0 native plugins for Editor in 0.00 ms.
Mono: successfully reloaded assembly
- Completed reload, in  2.721 seconds
Platform modules already initialized, skipping
Refreshing native plugins compatible for Editor in 0.27 ms, found 0 plugins.
Preloading 0 native plugins for Editor in 0.00 ms.
Unloading 1111 Unused Serialized files (Serialized files now loaded: 0)
System memory in use before: 63.9 MB.
System memory in use after: 64.0 MB.

Unloading 5 unused Assets to reduce memory usage. Loaded Objects now: 1743.
Total: 2.909800 ms (FindLiveObjects: 0.540000 ms CreateObjectMapping: 0.061100 ms MarkObjects: 2.228800 ms  DeleteObjects: 0.074600 ms)

========================================================================
Received Prepare
Registering precompiled user dll's ...
Registered in 0.001548 seconds.
Begin MonoManager ReloadAssembly
Native extension for WindowsStandalone target not found
Native extension for WebGL target not found
Refreshing native plugins compatible for Editor in 1.02 ms, found 0 plugins.
Preloading 0 native plugins for Editor in 0.00 ms.
Mono: successfully reloaded assembly
- Completed reload, in  4.820 seconds
Platform modules already initialized, skipping
Refreshing native plugins compatible for Editor in 1.05 ms, found 0 plugins.
Preloading 0 native plugins for Editor in 0.00 ms.
Unloading 1111 Unused Serialized files (Serialized files now loaded: 0)
System memory in use before: 63.9 MB.
System memory in use after: 64.0 MB.

Unloading 5 unused Assets to reduce memory usage. Loaded Objects now: 1746.
Total: 17.559500 ms (FindLiveObjects: 0.375000 ms CreateObjectMapping: 0.293100 ms MarkObjects: 16.479700 ms  DeleteObjects: 0.407900 ms)

========================================================================
Received Prepare
Registering precompiled user dll's ...
Registered in 0.001521 seconds.
Begin MonoManager ReloadAssembly
Native extension for WindowsStandalone target not found
Native extension for WebGL target not found
Refreshing native plugins compatible for Editor in 1.13 ms, found 0 plugins.
Preloading 0 native plugins for Editor in 0.00 ms.
Mono: successfully reloaded assembly
- Completed reload, in  1.986 seconds
Platform modules already initialized, skipping
Refreshing native plugins compatible for Editor in 0.26 ms, found 0 plugins.
Preloading 0 native plugins for Editor in 0.00 ms.
Unloading 1111 Unused Serialized files (Serialized files now loaded: 0)
System memory in use before: 63.9 MB.
System memory in use after: 64.0 MB.

Unloading 5 unused Assets to reduce memory usage. Loaded Objects now: 1749.
Total: 4.360500 ms (FindLiveObjects: 0.240400 ms CreateObjectMapping: 0.067600 ms MarkObjects: 3.968300 ms  DeleteObjects: 0.081800 ms)

========================================================================
Received Prepare
Registering precompiled user dll's ...
Registered in 0.004249 seconds.
Begin MonoManager ReloadAssembly
Native extension for WindowsStandalone target not found
Native extension for WebGL target not found
Refreshing native plugins compatible for Editor in 0.26 ms, found 0 plugins.
Preloading 0 native plugins for Editor in 0.00 ms.
Mono: successfully reloaded assembly
- Completed reload, in  1.426 seconds
Platform modules already initialized, skipping
Refreshing native plugins compatible for Editor in 0.34 ms, found 0 plugins.
Preloading 0 native plugins for Editor in 0.00 ms.
Unloading 1111 Unused Serialized files (Serialized files now loaded: 0)
System memory in use before: 63.9 MB.
System memory in use after: 64.0 MB.

Unloading 5 unused Assets to reduce memory usage. Loaded Objects now: 1752.
Total: 2.741700 ms (FindLiveObjects: 0.396800 ms CreateObjectMapping: 0.109300 ms MarkObjects: 2.165800 ms  DeleteObjects: 0.068700 ms)

========================================================================
Received Prepare
Registering precompiled user dll's ...
Registered in 0.002867 seconds.
Begin MonoManager ReloadAssembly
Native extension for WindowsStandalone target not found
Native extension for WebGL target not found
Refreshing native plugins compatible for Editor in 0.21 ms, found 0 plugins.
Preloading 0 native plugins for Editor in 0.00 ms.
Mono: successfully reloaded assembly
- Completed reload, in  1.332 seconds
Platform modules already initialized, skipping
Refreshing native plugins compatible for Editor in 0.40 ms, found 0 plugins.
Preloading 0 native plugins for Editor in 0.00 ms.
Unloading 1111 Unused Serialized files (Serialized files now loaded: 0)
System memory in use before: 63.9 MB.
System memory in use after: 64.0 MB.

Unloading 5 unused Assets to reduce memory usage. Loaded Objects now: 1755.
Total: 3.100400 ms (FindLiveObjects: 0.343900 ms CreateObjectMapping: 0.061200 ms MarkObjects: 2.593000 ms  DeleteObjects: 0.100300 ms)

========================================================================
Received Prepare
Registering precompiled user dll's ...
Registered in 0.001349 seconds.
Begin MonoManager ReloadAssembly
Native extension for WindowsStandalone target not found
Native extension for WebGL target not found
Refreshing native plugins compatible for Editor in 0.31 ms, found 0 plugins.
Preloading 0 native plugins for Editor in 0.00 ms.
Mono: successfully reloaded assembly
- Completed reload, in  1.230 seconds
Platform modules already initialized, skipping
Refreshing native plugins compatible for Editor in 0.22 ms, found 0 plugins.
Preloading 0 native plugins for Editor in 0.00 ms.
Unloading 1111 Unused Serialized files (Serialized files now loaded: 0)
System memory in use before: 63.9 MB.
System memory in use after: 64.0 MB.

Unloading 5 unused Assets to reduce memory usage. Loaded Objects now: 1758.
Total: 2.370700 ms (FindLiveObjects: 0.195700 ms CreateObjectMapping: 0.039800 ms MarkObjects: 2.038200 ms  DeleteObjects: 0.095000 ms)

========================================================================
Received Import Request.
  Time since last request: 4539.949391 seconds.
  path: Assets/Materials/3DModels/Bone.mat
  artifactKey: Guid(d4c858bbbf3440b4b86a1130b1fb305b) Importer(815301076,1909f56bfc062723c751e8b465ee728b)
Start importing Assets/Materials/3DModels/Bone.mat using Guid(d4c858bbbf3440b4b86a1130b1fb305b) Importer(815301076,1909f56bfc062723c751e8b465ee728b)  -> (artifact id: 'b304f8484c5e708d6ea3d82913e7b228') in 0.148818 seconds
  Import took 0.153344 seconds .

========================================================================
Received Import Request.
  Time since last request: 0.000402 seconds.
  path: Assets/Materials/3DModels/SmallIntestine.mat
  artifactKey: Guid(c29f73d0d2be59e4e8c6f47bf4bdab27) Importer(815301076,1909f56bfc062723c751e8b465ee728b)
Start importing Assets/Materials/3DModels/SmallIntestine.mat using Guid(c29f73d0d2be59e4e8c6f47bf4bdab27) Importer(815301076,1909f56bfc062723c751e8b465ee728b)  -> (artifact id: '59358becab06cafa141f6f46d6744e91') in 0.031896 seconds
  Import took 0.035951 seconds .

========================================================================
Received Import Request.
  Time since last request: 0.000427 seconds.
  path: Assets/Materials/3DModels/Heart.mat
  artifactKey: Guid(d7a0b67383efaae43ab31c0a4e4d1dfd) Importer(815301076,1909f56bfc062723c751e8b465ee728b)
Start importing Assets/Materials/3DModels/Heart.mat using Guid(d7a0b67383efaae43ab31c0a4e4d1dfd) Importer(815301076,1909f56bfc062723c751e8b465ee728b)  -> (artifact id: 'baa1cacdccfac7820c5e95a3ffd55d0b') in 0.039321 seconds
  Import took 0.042648 seconds .

========================================================================
Received Import Request.
  Time since last request: 0.000520 seconds.
  path: Assets/Materials/3DModels/Skin.mat
  artifactKey: Guid(ee83f0d70546ca440b78790aee313551) Importer(815301076,1909f56bfc062723c751e8b465ee728b)
Start importing Assets/Materials/3DModels/Skin.mat using Guid(ee83f0d70546ca440b78790aee313551) Importer(815301076,1909f56bfc062723c751e8b465ee728b)  -> (artifact id: '761cd5a73986f351de9240bc4093f25f') in 0.032956 seconds
  Import took 0.038164 seconds .

========================================================================
Received Import Request.
  Time since last request: 0.000730 seconds.
  path: Assets/Materials/3DModels/UrinaryBladder.mat
  artifactKey: Guid(e122573949b05144dad4743bd4765ccb) Importer(815301076,1909f56bfc062723c751e8b465ee728b)
Start importing Assets/Materials/3DModels/UrinaryBladder.mat using Guid(e122573949b05144dad4743bd4765ccb) Importer(815301076,1909f56bfc062723c751e8b465ee728b)  -> (artifact id: '799e75e3458135012b3275980ac7c142') in 0.041572 seconds
  Import took 0.047119 seconds .

========================================================================
Received Import Request.
  Time since last request: 0.000509 seconds.
  path: Assets/Materials/3DModels/LargeIntestine.mat
  artifactKey: Guid(0e7648dfea2b58e47a1054dee91e0b7c) Importer(815301076,1909f56bfc062723c751e8b465ee728b)
Start importing Assets/Materials/3DModels/LargeIntestine.mat using Guid(0e7648dfea2b58e47a1054dee91e0b7c) Importer(815301076,1909f56bfc062723c751e8b465ee728b)  -> (artifact id: '6b64460547aca66c54321a7d8053b758') in 0.030889 seconds
  Import took 0.037599 seconds .

========================================================================
Received Import Request.
  Time since last request: 0.000576 seconds.
  path: Assets/Materials/3DModels/Stomach.mat
  artifactKey: Guid(ac6f57fa7200ecf43a295d2533c116ff) Importer(815301076,1909f56bfc062723c751e8b465ee728b)
Start importing Assets/Materials/3DModels/Stomach.mat using Guid(ac6f57fa7200ecf43a295d2533c116ff) Importer(815301076,1909f56bfc062723c751e8b465ee728b)  -> (artifact id: '7cca2cce6231928bdafed018fc4faa23') in 0.036853 seconds
  Import took 0.040394 seconds .

========================================================================
Received Import Request.
  Time since last request: 0.000364 seconds.
  path: Assets/Materials/3DModels/Kidney.mat
  artifactKey: Guid(d3b32d97511e9254db38d7ae18dbc2f9) Importer(815301076,1909f56bfc062723c751e8b465ee728b)
Start importing Assets/Materials/3DModels/Kidney.mat using Guid(d3b32d97511e9254db38d7ae18dbc2f9) Importer(815301076,1909f56bfc062723c751e8b465ee728b)  -> (artifact id: '9a0022e47c267898bc7a6e9671214c94') in 0.017580 seconds
  Import took 0.024476 seconds .

========================================================================
Received Import Request.
  Time since last request: 0.000948 seconds.
  path: Assets/Materials/3DModels/Lung.mat
  artifactKey: Guid(fc568b491bd4dbf42a991008a567d297) Importer(815301076,1909f56bfc062723c751e8b465ee728b)
Start importing Assets/Materials/3DModels/Lung.mat using Guid(fc568b491bd4dbf42a991008a567d297) Importer(815301076,1909f56bfc062723c751e8b465ee728b)  -> (artifact id: '0f7628036f2cf26a07444519c1af50fd') in 0.042152 seconds
  Import took 0.048362 seconds .

========================================================================
Received Import Request.
  Time since last request: 0.000648 seconds.
  path: Assets/Materials/3DModels/Liver.mat
  artifactKey: Guid(59cb78f935aae194daaac85bce4a8952) Importer(815301076,1909f56bfc062723c751e8b465ee728b)
Start importing Assets/Materials/3DModels/Liver.mat using Guid(59cb78f935aae194daaac85bce4a8952) Importer(815301076,1909f56bfc062723c751e8b465ee728b)  -> (artifact id: '0c18a6180b0952caa380db8de6caa5fa') in 0.022938 seconds
  Import took 0.026470 seconds .

========================================================================
Received Import Request.
  Time since last request: 0.000305 seconds.
  path: Assets/Materials/3DModels/Bronchi.mat
  artifactKey: Guid(e3aa7bcf5ba15d548a2e167ca7be720c) Importer(815301076,1909f56bfc062723c751e8b465ee728b)
Start importing Assets/Materials/3DModels/Bronchi.mat using Guid(e3aa7bcf5ba15d548a2e167ca7be720c) Importer(815301076,1909f56bfc062723c751e8b465ee728b)  -> (artifact id: '0b38da07d25af10940608cde2871fc7a') in 0.018636 seconds
  Import took 0.022242 seconds .

========================================================================
Received Import Request.
  Time since last request: 0.000649 seconds.
  path: Assets/Materials/3DModels/Muscle.mat
  artifactKey: Guid(aa318e22c9536e94ab9bb7b00383b2b5) Importer(815301076,1909f56bfc062723c751e8b465ee728b)
Start importing Assets/Materials/3DModels/Muscle.mat using Guid(aa318e22c9536e94ab9bb7b00383b2b5) Importer(815301076,1909f56bfc062723c751e8b465ee728b)  -> (artifact id: '6907ef5f4c986056673bf10d4dd06573') in 0.043890 seconds
  Import took 0.048215 seconds .

========================================================================
Received Prepare
Registering precompiled user dll's ...
Registered in 0.007737 seconds.
Begin MonoManager ReloadAssembly
Native extension for WindowsStandalone target not found
Native extension for WebGL target not found
Refreshing native plugins compatible for Editor in 0.49 ms, found 0 plugins.
Preloading 0 native plugins for Editor in 0.00 ms.
Mono: successfully reloaded assembly
- Completed reload, in  4.946 seconds
Platform modules already initialized, skipping
Refreshing native plugins compatible for Editor in 0.39 ms, found 0 plugins.
Preloading 0 native plugins for Editor in 0.00 ms.
Unloading 1111 Unused Serialized files (Serialized files now loaded: 0)
System memory in use before: 63.9 MB.
System memory in use after: 64.0 MB.

Unloading 5 unused Assets to reduce memory usage. Loaded Objects now: 1762.
Total: 7.767600 ms (FindLiveObjects: 1.268900 ms CreateObjectMapping: 0.695300 ms MarkObjects: 5.597800 ms  DeleteObjects: 0.201300 ms)

========================================================================
Received Prepare
Registering precompiled user dll's ...
Registered in 0.001895 seconds.
Begin MonoManager ReloadAssembly
Native extension for WindowsStandalone target not found
Native extension for WebGL target not found
Refreshing native plugins compatible for Editor in 0.37 ms, found 0 plugins.
Preloading 0 native plugins for Editor in 0.00 ms.
Mono: successfully reloaded assembly
- Completed reload, in  1.117 seconds
Platform modules already initialized, skipping
Refreshing native plugins compatible for Editor in 0.20 ms, found 0 plugins.
Preloading 0 native plugins for Editor in 0.00 ms.
Unloading 1111 Unused Serialized files (Serialized files now loaded: 0)
System memory in use before: 63.9 MB.
System memory in use after: 64.0 MB.

Unloading 5 unused Assets to reduce memory usage. Loaded Objects now: 1765.
Total: 3.241200 ms (FindLiveObjects: 0.320900 ms CreateObjectMapping: 0.114600 ms MarkObjects: 2.701900 ms  DeleteObjects: 0.102200 ms)

========================================================================
Received Import Request.
  Time since last request: 715.714746 seconds.
  path: Assets/Materials/3DModels/SmallIntestine.mat
  artifactKey: Guid(c29f73d0d2be59e4e8c6f47bf4bdab27) Importer(815301076,1909f56bfc062723c751e8b465ee728b)
Start importing Assets/Materials/3DModels/SmallIntestine.mat using Guid(c29f73d0d2be59e4e8c6f47bf4bdab27) Importer(815301076,1909f56bfc062723c751e8b465ee728b)  -> (artifact id: '326cb38692de32111c108fb8dc017c3b') in 0.083099 seconds
  Import took 0.085857 seconds .

========================================================================
Received Import Request.
  Time since last request: 0.000368 seconds.
  path: Assets/Materials/3DModels/Heart.mat
  artifactKey: Guid(d7a0b67383efaae43ab31c0a4e4d1dfd) Importer(815301076,1909f56bfc062723c751e8b465ee728b)
Start importing Assets/Materials/3DModels/Heart.mat using Guid(d7a0b67383efaae43ab31c0a4e4d1dfd) Importer(815301076,1909f56bfc062723c751e8b465ee728b)  -> (artifact id: 'c89962a2c2de508b23595aa46a562bdc') in 0.023441 seconds
  Import took 0.026414 seconds .

========================================================================
Received Import Request.
  Time since last request: 0.000946 seconds.
  path: Assets/Materials/3DModels/Skin.mat
  artifactKey: Guid(ee83f0d70546ca440b78790aee313551) Importer(815301076,1909f56bfc062723c751e8b465ee728b)
Start importing Assets/Materials/3DModels/Skin.mat using Guid(ee83f0d70546ca440b78790aee313551) Importer(815301076,1909f56bfc062723c751e8b465ee728b)  -> (artifact id: '8eada71aaa015d70fd82d4fc1eb8ace9') in 0.052182 seconds
  Import took 0.061424 seconds .

========================================================================
Received Import Request.
  Time since last request: 0.001023 seconds.
  path: Assets/Materials/3DModels/UrinaryBladder.mat
  artifactKey: Guid(e122573949b05144dad4743bd4765ccb) Importer(815301076,1909f56bfc062723c751e8b465ee728b)
Start importing Assets/Materials/3DModels/UrinaryBladder.mat using Guid(e122573949b05144dad4743bd4765ccb) Importer(815301076,1909f56bfc062723c751e8b465ee728b)  -> (artifact id: '5e2612f8fe58300045e1bb2b379370ce') in 0.061238 seconds
  Import took 0.069234 seconds .

========================================================================
Received Import Request.
  Time since last request: 0.001075 seconds.
  path: Assets/Materials/3DModels/LargeIntestine.mat
  artifactKey: Guid(0e7648dfea2b58e47a1054dee91e0b7c) Importer(815301076,1909f56bfc062723c751e8b465ee728b)
Start importing Assets/Materials/3DModels/LargeIntestine.mat using Guid(0e7648dfea2b58e47a1054dee91e0b7c) Importer(815301076,1909f56bfc062723c751e8b465ee728b)  -> (artifact id: '31c6a3c819dbc6751330e48eae993f35') in 0.085395 seconds
  Import took 0.109566 seconds .

========================================================================
Received Import Request.
  Time since last request: 0.002621 seconds.
  path: Assets/Materials/3DModels/Stomach.mat
  artifactKey: Guid(ac6f57fa7200ecf43a295d2533c116ff) Importer(815301076,1909f56bfc062723c751e8b465ee728b)
Start importing Assets/Materials/3DModels/Stomach.mat using Guid(ac6f57fa7200ecf43a295d2533c116ff) Importer(815301076,1909f56bfc062723c751e8b465ee728b)  -> (artifact id: 'a259f19dc0baf3266346c1f2c351f2d4') in 0.083757 seconds
  Import took 0.090772 seconds .

========================================================================
Received Import Request.
  Time since last request: 0.000822 seconds.
  path: Assets/Materials/3DModels/Kidney.mat
  artifactKey: Guid(d3b32d97511e9254db38d7ae18dbc2f9) Importer(815301076,1909f56bfc062723c751e8b465ee728b)
Start importing Assets/Materials/3DModels/Kidney.mat using Guid(d3b32d97511e9254db38d7ae18dbc2f9) Importer(815301076,1909f56bfc062723c751e8b465ee728b)  -> (artifact id: 'e8b637961e3c7ee5795bb8ee5f0aaa97') in 0.063686 seconds
  Import took 0.075307 seconds .

========================================================================
Received Import Request.
  Time since last request: 0.000524 seconds.
  path: Assets/Materials/3DModels/Lung.mat
  artifactKey: Guid(fc568b491bd4dbf42a991008a567d297) Importer(815301076,1909f56bfc062723c751e8b465ee728b)
Start importing Assets/Materials/3DModels/Lung.mat using Guid(fc568b491bd4dbf42a991008a567d297) Importer(815301076,1909f56bfc062723c751e8b465ee728b)  -> (artifact id: 'ee81f067b323dc2b1d21aab8b1c66e80') in 0.055829 seconds
  Import took 0.066406 seconds .

========================================================================
Received Import Request.
  Time since last request: 0.000832 seconds.
  path: Assets/Materials/3DModels/Liver.mat
  artifactKey: Guid(59cb78f935aae194daaac85bce4a8952) Importer(815301076,1909f56bfc062723c751e8b465ee728b)
Start importing Assets/Materials/3DModels/Liver.mat using Guid(59cb78f935aae194daaac85bce4a8952) Importer(815301076,1909f56bfc062723c751e8b465ee728b)  -> (artifact id: 'd5cb1ea337158429e6fb0b9b5dc9f1c7') in 0.043863 seconds
  Import took 0.063812 seconds .

========================================================================
Received Import Request.
  Time since last request: 0.001680 seconds.
  path: Assets/Materials/3DModels/Bone.mat
  artifactKey: Guid(d4c858bbbf3440b4b86a1130b1fb305b) Importer(815301076,1909f56bfc062723c751e8b465ee728b)
Start importing Assets/Materials/3DModels/Bone.mat using Guid(d4c858bbbf3440b4b86a1130b1fb305b) Importer(815301076,1909f56bfc062723c751e8b465ee728b)  -> (artifact id: 'efec43db0b9c0e3ff5bc2e8205e1905f') in 0.029378 seconds
  Import took 0.035319 seconds .

========================================================================
Received Import Request.
  Time since last request: 0.001212 seconds.
  path: Assets/Materials/3DModels/Bronchi.mat
  artifactKey: Guid(e3aa7bcf5ba15d548a2e167ca7be720c) Importer(815301076,1909f56bfc062723c751e8b465ee728b)
Start importing Assets/Materials/3DModels/Bronchi.mat using Guid(e3aa7bcf5ba15d548a2e167ca7be720c) Importer(815301076,1909f56bfc062723c751e8b465ee728b)  -> (artifact id: '5f33d731a1a0b3d271fb2a12b0aae84d') in 0.040250 seconds
  Import took 0.048597 seconds .

========================================================================
Received Import Request.
  Time since last request: 0.000441 seconds.
  path: Assets/Materials/3DModels/Muscle.mat
  artifactKey: Guid(aa318e22c9536e94ab9bb7b00383b2b5) Importer(815301076,1909f56bfc062723c751e8b465ee728b)
Start importing Assets/Materials/3DModels/Muscle.mat using Guid(aa318e22c9536e94ab9bb7b00383b2b5) Importer(815301076,1909f56bfc062723c751e8b465ee728b)  -> (artifact id: 'c82e026f54bb4a6dc5fa654cdae337b7') in 0.037482 seconds
  Import took 0.049040 seconds .

========================================================================
Received Import Request.
  Time since last request: 0.000705 seconds.
  path: Assets/Materials/3DModels/Bronchi.mat
  artifactKey: Guid(e3aa7bcf5ba15d548a2e167ca7be720c) Importer(815301076,1909f56bfc062723c751e8b465ee728b)
Start importing Assets/Materials/3DModels/Bronchi.mat using Guid(e3aa7bcf5ba15d548a2e167ca7be720c) Importer(815301076,1909f56bfc062723c751e8b465ee728b)  -> (artifact id: '5f33d731a1a0b3d271fb2a12b0aae84d') in 0.026377 seconds
  Import took 0.039344 seconds .

========================================================================
Received Import Request.
  Time since last request: 0.000379 seconds.
  path: Assets/Materials/3DModels/Muscle.mat
  artifactKey: Guid(aa318e22c9536e94ab9bb7b00383b2b5) Importer(815301076,1909f56bfc062723c751e8b465ee728b)
Start importing Assets/Materials/3DModels/Muscle.mat using Guid(aa318e22c9536e94ab9bb7b00383b2b5) Importer(815301076,1909f56bfc062723c751e8b465ee728b)  -> (artifact id: 'c82e026f54bb4a6dc5fa654cdae337b7') in 0.047110 seconds
  Import took 0.050795 seconds .

========================================================================
Received Prepare
Registering precompiled user dll's ...
Registered in 0.010436 seconds.
Begin MonoManager ReloadAssembly
Native extension for WindowsStandalone target not found
Native extension for WebGL target not found
Refreshing native plugins compatible for Editor in 0.45 ms, found 0 plugins.
Preloading 0 native plugins for Editor in 0.00 ms.
Mono: successfully reloaded assembly
- Completed reload, in  1.813 seconds
Platform modules already initialized, skipping
Refreshing native plugins compatible for Editor in 0.23 ms, found 0 plugins.
Preloading 0 native plugins for Editor in 0.00 ms.
Unloading 1111 Unused Serialized files (Serialized files now loaded: 0)
System memory in use before: 64.0 MB.
System memory in use after: 64.0 MB.

Unloading 5 unused Assets to reduce memory usage. Loaded Objects now: 1769.
Total: 2.591700 ms (FindLiveObjects: 0.264000 ms CreateObjectMapping: 0.057500 ms MarkObjects: 2.164300 ms  DeleteObjects: 0.104000 ms)

========================================================================
Received Import Request.
  Time since last request: 575.337357 seconds.
  path: Assets/TransformScript.cs
  artifactKey: Guid(ead2dcaaa19f52546ab67d1833e3372d) Importer(815301076,1909f56bfc062723c751e8b465ee728b)
Start importing Assets/TransformScript.cs using Guid(ead2dcaaa19f52546ab67d1833e3372d) Importer(815301076,1909f56bfc062723c751e8b465ee728b)  -> (artifact id: 'dfd1ebd67ef26d1c0f6001b56c3c65c1') in 0.029410 seconds
  Import took 0.035372 seconds .

========================================================================
Received Import Request.
  Time since last request: 0.066984 seconds.
  path: Assets/TransformScript.cs
  artifactKey: Guid(ead2dcaaa19f52546ab67d1833e3372d) Importer(815301076,1909f56bfc062723c751e8b465ee728b)
Start importing Assets/TransformScript.cs using Guid(ead2dcaaa19f52546ab67d1833e3372d) Importer(815301076,1909f56bfc062723c751e8b465ee728b)  -> (artifact id: 'dfd1ebd67ef26d1c0f6001b56c3c65c1') in 0.007862 seconds
  Import took 0.013482 seconds .

========================================================================
Received Prepare
Registering precompiled user dll's ...
Registered in 0.001349 seconds.
Begin MonoManager ReloadAssembly
Native extension for WindowsStandalone target not found
Native extension for WebGL target not found
Refreshing native plugins compatible for Editor in 0.21 ms, found 0 plugins.
Preloading 0 native plugins for Editor in 0.00 ms.
Mono: successfully reloaded assembly
- Completed reload, in  1.266 seconds
Platform modules already initialized, skipping
Refreshing native plugins compatible for Editor in 0.29 ms, found 0 plugins.
Preloading 0 native plugins for Editor in 0.00 ms.
Unloading 1111 Unused Serialized files (Serialized files now loaded: 0)
System memory in use before: 64.0 MB.
System memory in use after: 64.0 MB.

Unloading 5 unused Assets to reduce memory usage. Loaded Objects now: 1772.
Total: 2.652700 ms (FindLiveObjects: 0.417100 ms CreateObjectMapping: 0.076800 ms MarkObjects: 2.055600 ms  DeleteObjects: 0.100800 ms)

========================================================================
Received Prepare
Registering precompiled user dll's ...
Registered in 0.002796 seconds.
Begin MonoManager ReloadAssembly
Native extension for WindowsStandalone target not found
Native extension for WebGL target not found
Refreshing native plugins compatible for Editor in 2.10 ms, found 0 plugins.
Preloading 0 native plugins for Editor in 0.00 ms.
Mono: successfully reloaded assembly
- Completed reload, in  9.895 seconds
Platform modules already initialized, skipping
Refreshing native plugins compatible for Editor in 4.30 ms, found 0 plugins.
Preloading 0 native plugins for Editor in 0.00 ms.
Unloading 1111 Unused Serialized files (Serialized files now loaded: 0)
System memory in use before: 64.0 MB.
System memory in use after: 64.0 MB.

Unloading 5 unused Assets to reduce memory usage. Loaded Objects now: 1775.
Total: 17.284900 ms (FindLiveObjects: 3.110500 ms CreateObjectMapping: 0.677600 ms MarkObjects: 13.035800 ms  DeleteObjects: 0.440700 ms)

AssetImportWorkerClient::OnTransportError - code=2 error=End of file
